{"/home/gmijo/Desktop/Fax/hooked-app/constants/colors.ts": {"path":"/home/gmijo/Desktop/Fax/hooked-app/constants/colors.ts","statementMap":{"0":{"start":{"line":1,"column":22},"end":{"line":28,"column":10}},"1":{"start":{"line":30,"column":23},"end":{"line":37,"column":10}},"2":{"start":{"line":39,"column":22},"end":{"line":45,"column":10}},"3":{"start":{"line":47,"column":24},"end":{"line":55,"column":10}}},"fnMap":{},"branchMap":{},"s":{"0":1,"1":1,"2":1,"3":1},"f":{},"b":{},"_coverageSchema":"1a1c01bbd47fc00a2c39e90264f33305004495a9","hash":"6ac783d76a3386a69aed6a35e5039ab41425d8bd"}
,"/home/gmijo/Desktop/Fax/hooked-app/lib/firebase.ts": {"path":"/home/gmijo/Desktop/Fax/hooked-app/lib/firebase.ts","statementMap":{"0":{"start":{"line":7,"column":23},"end":{"line":14,"column":1}},"1":{"start":{"line":16,"column":12},"end":{"line":16,"column":41}},"2":{"start":{"line":23,"column":20},"end":{"line":25,"column":16}},"3":{"start":{"line":27,"column":18},"end":{"line":27,"column":35}},"4":{"start":{"line":28,"column":23},"end":{"line":28,"column":38}}},"fnMap":{},"branchMap":{"0":{"loc":{"start":{"line":23,"column":20},"end":{"line":25,"column":16}},"type":"cond-expr","locations":[{"start":{"line":24,"column":4},"end":{"line":24,"column":65}},{"start":{"line":25,"column":4},"end":{"line":25,"column":16}}],"line":23}},"s":{"0":0,"1":0,"2":0,"3":0,"4":0},"f":{},"b":{"0":[0,0]}}
,"/home/gmijo/Desktop/Fax/hooked-app/lib/firestore.ts": {"path":"/home/gmijo/Desktop/Fax/hooked-app/lib/firestore.ts","statementMap":{"0":{"start":{"line":94,"column":12},"end":{"line":94,"column":65}},"1":{"start":{"line":95,"column":15},"end":{"line":95,"column":31}},"2":{"start":{"line":96,"column":2},"end":{"line":96,"column":81}},"3":{"start":{"line":96,"column":31},"end":{"line":96,"column":78}},"4":{"start":{"line":103,"column":14},"end":{"line":103,"column":49}},"5":{"start":{"line":104,"column":15},"end":{"line":104,"column":32}},"6":{"start":{"line":105,"column":2},"end":{"line":105,"column":34}},"7":{"start":{"line":105,"column":22},"end":{"line":105,"column":34}},"8":{"start":{"line":106,"column":2},"end":{"line":106,"column":63}},"9":{"start":{"line":113,"column":14},"end":{"line":113,"column":64}},"10":{"start":{"line":114,"column":2},"end":{"line":114,"column":16}},"11":{"start":{"line":123,"column":2},"end":{"line":123,"column":69}},"12":{"start":{"line":131,"column":2},"end":{"line":131,"column":77}},"13":{"start":{"line":138,"column":2},"end":{"line":138,"column":55}},"14":{"start":{"line":148,"column":2},"end":{"line":148,"column":33}},"15":{"start":{"line":155,"column":2},"end":{"line":155,"column":35}},"16":{"start":{"line":159,"column":2},"end":{"line":159,"column":18}},"17":{"start":{"line":164,"column":27},"end":{"line":170,"column":10}}},"fnMap":{"0":{"name":"getCollection","decl":{"start":{"line":90,"column":22},"end":{"line":90,"column":35}},"loc":{"start":{"line":93,"column":35},"end":{"line":97,"column":1}},"line":93},"1":{"name":"(anonymous_1)","decl":{"start":{"line":96,"column":23},"end":{"line":96,"column":24}},"loc":{"start":{"line":96,"column":31},"end":{"line":96,"column":78}},"line":96},"2":{"name":"getDocument","decl":{"start":{"line":99,"column":22},"end":{"line":99,"column":33}},"loc":{"start":{"line":102,"column":40},"end":{"line":107,"column":1}},"line":102},"3":{"name":"addDocument","decl":{"start":{"line":109,"column":22},"end":{"line":109,"column":33}},"loc":{"start":{"line":112,"column":19},"end":{"line":115,"column":1}},"line":112},"4":{"name":"setDocument","decl":{"start":{"line":117,"column":22},"end":{"line":117,"column":33}},"loc":{"start":{"line":122,"column":17},"end":{"line":124,"column":1}},"line":122},"5":{"name":"updateDocument","decl":{"start":{"line":126,"column":22},"end":{"line":126,"column":36}},"loc":{"start":{"line":130,"column":17},"end":{"line":132,"column":1}},"line":130},"6":{"name":"deleteDocument","decl":{"start":{"line":134,"column":22},"end":{"line":134,"column":36}},"loc":{"start":{"line":137,"column":17},"end":{"line":139,"column":1}},"line":137},"7":{"name":"whereClause","decl":{"start":{"line":143,"column":16},"end":{"line":143,"column":27}},"loc":{"start":{"line":147,"column":19},"end":{"line":149,"column":1}},"line":147},"8":{"name":"orderByClause","decl":{"start":{"line":151,"column":16},"end":{"line":151,"column":29}},"loc":{"start":{"line":154,"column":19},"end":{"line":156,"column":1}},"line":154},"9":{"name":"limitClause","decl":{"start":{"line":158,"column":16},"end":{"line":158,"column":27}},"loc":{"start":{"line":158,"column":56},"end":{"line":160,"column":1}},"line":158}},"branchMap":{"0":{"loc":{"start":{"line":92,"column":2},"end":{"line":92,"column":37}},"type":"default-arg","locations":[{"start":{"line":92,"column":35},"end":{"line":92,"column":37}}],"line":92},"1":{"loc":{"start":{"line":105,"column":2},"end":{"line":105,"column":34}},"type":"if","locations":[{"start":{"line":105,"column":2},"end":{"line":105,"column":34}},{"start":{},"end":{}}],"line":105},"2":{"loc":{"start":{"line":121,"column":2},"end":{"line":121,"column":14}},"type":"default-arg","locations":[{"start":{"line":121,"column":10},"end":{"line":121,"column":14}}],"line":121},"3":{"loc":{"start":{"line":153,"column":2},"end":{"line":153,"column":37}},"type":"default-arg","locations":[{"start":{"line":153,"column":32},"end":{"line":153,"column":37}}],"line":153}},"s":{"0":2,"1":2,"2":2,"3":2,"4":2,"5":2,"6":2,"7":1,"8":1,"9":1,"10":1,"11":1,"12":1,"13":1,"14":1,"15":2,"16":1,"17":1},"f":{"0":2,"1":2,"2":2,"3":1,"4":1,"5":1,"6":1,"7":1,"8":2,"9":1},"b":{"0":[2],"1":[1,1],"2":[1],"3":[1]},"_coverageSchema":"1a1c01bbd47fc00a2c39e90264f33305004495a9","hash":"89671f043fa46a308cae2bffffc1bbb8f1d682a4"}
,"/home/gmijo/Desktop/Fax/hooked-app/lib/utils.ts": {"path":"/home/gmijo/Desktop/Fax/hooked-app/lib/utils.ts","statementMap":{"0":{"start":{"line":7,"column":12},"end":{"line":7,"column":16}},"1":{"start":{"line":8,"column":15},"end":{"line":8,"column":33}},"2":{"start":{"line":9,"column":15},"end":{"line":9,"column":33}},"3":{"start":{"line":11,"column":4},"end":{"line":13,"column":27}},"4":{"start":{"line":14,"column":2},"end":{"line":14,"column":60}},"5":{"start":{"line":18,"column":2},"end":{"line":18,"column":31}},"6":{"start":{"line":23,"column":44},"end":{"line":29,"column":1}},"7":{"start":{"line":32,"column":2},"end":{"line":32,"column":38}},"8":{"start":{"line":42,"column":2},"end":{"line":42,"column":28}},"9":{"start":{"line":42,"column":19},"end":{"line":42,"column":28}},"10":{"start":{"line":44,"column":15},"end":{"line":44,"column":40}},"11":{"start":{"line":45,"column":14},"end":{"line":45,"column":31}},"12":{"start":{"line":46,"column":17},"end":{"line":46,"column":46}},"13":{"start":{"line":47,"column":17},"end":{"line":47,"column":47}},"14":{"start":{"line":50,"column":14},"end":{"line":50,"column":23}},"15":{"start":{"line":53,"column":2},"end":{"line":53,"column":22}},"16":{"start":{"line":56,"column":2},"end":{"line":56,"column":25}},"17":{"start":{"line":59,"column":2},"end":{"line":59,"column":24}},"18":{"start":{"line":61,"column":2},"end":{"line":61,"column":27}},"19":{"start":{"line":65,"column":2},"end":{"line":65,"column":19}},"20":{"start":{"line":65,"column":10},"end":{"line":65,"column":19}},"21":{"start":{"line":66,"column":12},"end":{"line":66,"column":28}},"22":{"start":{"line":67,"column":2},"end":{"line":67,"column":36}},"23":{"start":{"line":71,"column":2},"end":{"line":71,"column":19}},"24":{"start":{"line":71,"column":10},"end":{"line":71,"column":19}},"25":{"start":{"line":72,"column":14},"end":{"line":72,"column":34}},"26":{"start":{"line":73,"column":2},"end":{"line":73,"column":36}},"27":{"start":{"line":73,"column":25},"end":{"line":73,"column":36}},"28":{"start":{"line":74,"column":2},"end":{"line":74,"column":61}},"29":{"start":{"line":74,"column":45},"end":{"line":74,"column":61}},"30":{"start":{"line":75,"column":2},"end":{"line":75,"column":13}},"31":{"start":{"line":81,"column":2},"end":{"line":81,"column":22}},"32":{"start":{"line":81,"column":10},"end":{"line":81,"column":22}},"33":{"start":{"line":82,"column":14},"end":{"line":82,"column":29}},"34":{"start":{"line":83,"column":2},"end":{"line":83,"column":30}},"35":{"start":{"line":83,"column":18},"end":{"line":83,"column":30}},"36":{"start":{"line":84,"column":2},"end":{"line":84,"column":36}},"37":{"start":{"line":84,"column":25},"end":{"line":84,"column":36}},"38":{"start":{"line":85,"column":2},"end":{"line":85,"column":61}},"39":{"start":{"line":85,"column":45},"end":{"line":85,"column":61}},"40":{"start":{"line":86,"column":2},"end":{"line":86,"column":14}}},"fnMap":{"0":{"name":"haversineKm","decl":{"start":{"line":3,"column":16},"end":{"line":3,"column":27}},"loc":{"start":{"line":6,"column":10},"end":{"line":15,"column":1}},"line":6},"1":{"name":"toRad","decl":{"start":{"line":17,"column":9},"end":{"line":17,"column":14}},"loc":{"start":{"line":17,"column":36},"end":{"line":19,"column":1}},"line":17},"2":{"name":"getDiffWeight","decl":{"start":{"line":31,"column":16},"end":{"line":31,"column":29}},"loc":{"start":{"line":31,"column":58},"end":{"line":33,"column":1}},"line":31},"3":{"name":"calculateScore","decl":{"start":{"line":36,"column":16},"end":{"line":36,"column":30}},"loc":{"start":{"line":41,"column":10},"end":{"line":62,"column":1}},"line":41},"4":{"name":"parseHeight","decl":{"start":{"line":64,"column":9},"end":{"line":64,"column":20}},"loc":{"start":{"line":64,"column":52},"end":{"line":68,"column":1}},"line":64},"5":{"name":"parseDurationMinutes","decl":{"start":{"line":70,"column":9},"end":{"line":70,"column":29}},"loc":{"start":{"line":70,"column":61},"end":{"line":76,"column":1}},"line":70},"6":{"name":"parseDuration","decl":{"start":{"line":80,"column":16},"end":{"line":80,"column":29}},"loc":{"start":{"line":80,"column":63},"end":{"line":87,"column":1}},"line":80}},"branchMap":{"0":{"loc":{"start":{"line":32,"column":9},"end":{"line":32,"column":37}},"type":"binary-expr","locations":[{"start":{"line":32,"column":9},"end":{"line":32,"column":32}},{"start":{"line":32,"column":36},"end":{"line":32,"column":37}}],"line":32},"1":{"loc":{"start":{"line":42,"column":2},"end":{"line":42,"column":28}},"type":"if","locations":[{"start":{"line":42,"column":2},"end":{"line":42,"column":28}},{"start":{},"end":{}}],"line":42},"2":{"loc":{"start":{"line":45,"column":14},"end":{"line":45,"column":31}},"type":"binary-expr","locations":[{"start":{"line":45,"column":14},"end":{"line":45,"column":26}},{"start":{"line":45,"column":30},"end":{"line":45,"column":31}}],"line":45},"3":{"loc":{"start":{"line":65,"column":2},"end":{"line":65,"column":19}},"type":"if","locations":[{"start":{"line":65,"column":2},"end":{"line":65,"column":19}},{"start":{},"end":{}}],"line":65},"4":{"loc":{"start":{"line":67,"column":9},"end":{"line":67,"column":35}},"type":"cond-expr","locations":[{"start":{"line":67,"column":13},"end":{"line":67,"column":31}},{"start":{"line":67,"column":34},"end":{"line":67,"column":35}}],"line":67},"5":{"loc":{"start":{"line":71,"column":2},"end":{"line":71,"column":19}},"type":"if","locations":[{"start":{"line":71,"column":2},"end":{"line":71,"column":19}},{"start":{},"end":{}}],"line":71},"6":{"loc":{"start":{"line":72,"column":14},"end":{"line":72,"column":34}},"type":"binary-expr","locations":[{"start":{"line":72,"column":14},"end":{"line":72,"column":29}},{"start":{"line":72,"column":33},"end":{"line":72,"column":34}}],"line":72},"7":{"loc":{"start":{"line":73,"column":2},"end":{"line":73,"column":36}},"type":"if","locations":[{"start":{"line":73,"column":2},"end":{"line":73,"column":36}},{"start":{},"end":{}}],"line":73},"8":{"loc":{"start":{"line":74,"column":2},"end":{"line":74,"column":61}},"type":"if","locations":[{"start":{"line":74,"column":2},"end":{"line":74,"column":61}},{"start":{},"end":{}}],"line":74},"9":{"loc":{"start":{"line":74,"column":6},"end":{"line":74,"column":43}},"type":"binary-expr","locations":[{"start":{"line":74,"column":6},"end":{"line":74,"column":24}},{"start":{"line":74,"column":28},"end":{"line":74,"column":43}}],"line":74},"10":{"loc":{"start":{"line":81,"column":2},"end":{"line":81,"column":22}},"type":"if","locations":[{"start":{"line":81,"column":2},"end":{"line":81,"column":22}},{"start":{},"end":{}}],"line":81},"11":{"loc":{"start":{"line":83,"column":2},"end":{"line":83,"column":30}},"type":"if","locations":[{"start":{"line":83,"column":2},"end":{"line":83,"column":30}},{"start":{},"end":{}}],"line":83},"12":{"loc":{"start":{"line":84,"column":2},"end":{"line":84,"column":36}},"type":"if","locations":[{"start":{"line":84,"column":2},"end":{"line":84,"column":36}},{"start":{},"end":{}}],"line":84},"13":{"loc":{"start":{"line":85,"column":2},"end":{"line":85,"column":61}},"type":"if","locations":[{"start":{"line":85,"column":2},"end":{"line":85,"column":61}},{"start":{},"end":{}}],"line":85},"14":{"loc":{"start":{"line":85,"column":6},"end":{"line":85,"column":43}},"type":"binary-expr","locations":[{"start":{"line":85,"column":6},"end":{"line":85,"column":21}},{"start":{"line":85,"column":25},"end":{"line":85,"column":43}}],"line":85}},"s":{"0":8,"1":8,"2":8,"3":8,"4":8,"5":32,"6":2,"7":34,"8":22,"9":1,"10":21,"11":21,"12":21,"13":21,"14":21,"15":21,"16":21,"17":21,"18":21,"19":21,"20":10,"21":11,"22":11,"23":21,"24":11,"25":10,"26":10,"27":2,"28":8,"29":8,"30":0,"31":15,"32":2,"33":13,"34":13,"35":1,"36":12,"37":6,"38":6,"39":4,"40":2},"f":{"0":8,"1":32,"2":34,"3":22,"4":21,"5":21,"6":15},"b":{"0":[34,3],"1":[1,21],"2":[21,10],"3":[10,11],"4":[11,0],"5":[11,10],"6":[10,0],"7":[2,8],"8":[8,0],"9":[8,8],"10":[2,13],"11":[1,12],"12":[6,6],"13":[4,2],"14":[6,3]},"_coverageSchema":"1a1c01bbd47fc00a2c39e90264f33305004495a9","hash":"7c1e1c8e6ef8e2172b1b4edca465207a2ce14fe1"}
}
