TN:
SF:constants/colors.ts
FNF:0
FNH:0
DA:1,1
DA:30,1
DA:39,1
DA:47,1
LF:4
LH:4
BRF:0
BRH:0
end_of_record
TN:
SF:lib/firebase.ts
FNF:0
FNH:0
DA:7,0
DA:16,0
DA:23,0
DA:27,0
DA:28,0
LF:5
LH:0
BRDA:23,0,0,0
BRDA:23,0,1,0
BRF:2
BRH:0
end_of_record
TN:
SF:lib/firestore.ts
FN:90,getCollection
FN:96,(anonymous_1)
FN:99,getDocument
FN:109,addDocument
FN:117,setDocument
FN:126,updateDocument
FN:134,deleteDocument
FN:143,whereClause
FN:151,orderByClause
FN:158,limitClause
FNF:10
FNH:10
FNDA:2,getCollection
FNDA:2,(anonymous_1)
FNDA:2,getDocument
FNDA:1,addDocument
FNDA:1,setDocument
FNDA:1,updateDocument
FNDA:1,deleteDocument
FNDA:1,whereClause
FNDA:2,orderByClause
FNDA:1,limitClause
DA:94,2
DA:95,2
DA:96,2
DA:103,2
DA:104,2
DA:105,2
DA:106,1
DA:113,1
DA:114,1
DA:123,1
DA:131,1
DA:138,1
DA:148,1
DA:155,2
DA:159,1
DA:164,1
LF:16
LH:16
BRDA:92,0,0,2
BRDA:105,1,0,1
BRDA:105,1,1,1
BRDA:121,2,0,1
BRDA:153,3,0,1
BRF:5
BRH:5
end_of_record
TN:
SF:lib/utils.ts
FN:3,haversineKm
FN:17,toRad
FN:31,getDiffWeight
FN:36,calculateScore
FN:64,parseHeight
FN:70,parseDurationMinutes
FN:80,parseDuration
FNF:7
FNH:7
FNDA:8,haversineKm
FNDA:32,toRad
FNDA:34,getDiffWeight
FNDA:22,calculateScore
FNDA:21,parseHeight
FNDA:21,parseDurationMinutes
FNDA:15,parseDuration
DA:7,8
DA:8,8
DA:9,8
DA:11,8
DA:14,8
DA:18,32
DA:23,2
DA:32,34
DA:42,22
DA:44,21
DA:45,21
DA:46,21
DA:47,21
DA:50,21
DA:53,21
DA:56,21
DA:59,21
DA:61,21
DA:65,21
DA:66,11
DA:67,11
DA:71,21
DA:72,10
DA:73,10
DA:74,8
DA:75,0
DA:81,15
DA:82,13
DA:83,13
DA:84,12
DA:85,6
DA:86,2
LF:32
LH:31
BRDA:32,0,0,34
BRDA:32,0,1,3
BRDA:42,1,0,1
BRDA:42,1,1,21
BRDA:45,2,0,21
BRDA:45,2,1,10
BRDA:65,3,0,10
BRDA:65,3,1,11
BRDA:67,4,0,11
BRDA:67,4,1,0
BRDA:71,5,0,11
BRDA:71,5,1,10
BRDA:72,6,0,10
BRDA:72,6,1,0
BRDA:73,7,0,2
BRDA:73,7,1,8
BRDA:74,8,0,8
BRDA:74,8,1,0
BRDA:74,9,0,8
BRDA:74,9,1,8
BRDA:81,10,0,2
BRDA:81,10,1,13
BRDA:83,11,0,1
BRDA:83,11,1,12
BRDA:84,12,0,6
BRDA:84,12,1,6
BRDA:85,13,0,4
BRDA:85,13,1,2
BRDA:85,14,0,6
BRDA:85,14,1,3
BRF:30
BRH:27
end_of_record
